C51 COMPILER V9.60.0.0   7SEGMENT                                                          09/04/2022 20:23:45 PAGE 1   


C51 COMPILER V9.60.0.0, COMPILATION OF MODULE 7SEGMENT
OBJECT MODULE PLACED IN .\Objects\7segment.obj
COMPILER INVOKED BY: C:\Keil_v5\C51\BIN\C51.EXE 7segment.c OPTIMIZE(8,SPEED) BROWSE DEBUG OBJECTEXTEND PRINT(.\Listings\
                    -7segment.lst) TABS(2) OBJECT(.\Objects\7segment.obj)

line level    source

   1          #include <reg51.h>
   2          
   3          void delay(unsigned int x)
   4          {
   5   1      
   6   1        for (x=0;x<33000;x++)
   7   1        {
   8   2        };
   9   1      }
  10          
  11          void main ()
  12          {
  13   1        unsigned char nums[10]={0x3F,0x06,0x5B,0x4F,0x66,0x6D,0x7D,0x07,0x7F,0x6F};
  14   1        unsigned char z;
  15   1        for (z=0;z<10;z++)
  16   1          {
  17   2            P2 =nums[z];
  18   2            delay();
*** WARNING C209 IN LINE 18 OF 7segment.c: '_delay': too few actual parameters
  19   2          };
  20   1        
  21   1      }


MODULE INFORMATION:   STATIC OVERLAYABLE
   CODE SIZE        =     81    ----
   CONSTANT SIZE    =     10    ----
   XDATA SIZE       =   ----    ----
   PDATA SIZE       =   ----    ----
   DATA SIZE        =   ----      11
   IDATA SIZE       =   ----    ----
   BIT SIZE         =   ----    ----
END OF MODULE INFORMATION.


C51 COMPILATION COMPLETE.  1 WARNING(S),  0 ERROR(S)
