C51 COMPILER V9.60.0.0   ASCTOBCD                                                          09/02/2022 15:39:15 PAGE 1   


C51 COMPILER V9.60.0.0, COMPILATION OF MODULE ASCTOBCD
OBJECT MODULE PLACED IN .\Objects\AscToBcd.obj
COMPILER INVOKED BY: C:\Keil_v5\C51\BIN\C51.EXE AscToBcd.c OPTIMIZE(8,SPEED) BROWSE DEBUG OBJECTEXTEND PRINT(.\Listings\
                    -AscToBcd.lst) TABS(2) OBJECT(.\Objects\AscToBcd.obj)

line level    source

   1          #include <reg51.h>
   2          void main (void)
   3          {
   4   1        unsigned char bcd;
   5   1        unsigned char w='4';
   6   1        unsigned char y='7';
   7   1        w=w&0x0F;
   8   1        w=w<<4;
   9   1        y=y&0x0F;
  10   1        bcd=w|y;
  11   1        P1=bcd;
  12   1        
  13   1      }


MODULE INFORMATION:   STATIC OVERLAYABLE
   CODE SIZE        =     18    ----
   CONSTANT SIZE    =   ----    ----
   XDATA SIZE       =   ----    ----
   PDATA SIZE       =   ----    ----
   DATA SIZE        =   ----    ----
   IDATA SIZE       =   ----    ----
   BIT SIZE         =   ----    ----
END OF MODULE INFORMATION.


C51 COMPILATION COMPLETE.  0 WARNING(S),  0 ERROR(S)
