C51 COMPILER V9.60.0.0   CHECKSUM_BYTE                                                     09/02/2022 16:15:57 PAGE 1   


C51 COMPILER V9.60.0.0, COMPILATION OF MODULE CHECKSUM_BYTE
OBJECT MODULE PLACED IN .\Objects\Checksum byte.obj
COMPILER INVOKED BY: C:\Keil_v5\C51\BIN\C51.EXE Checksum byte.c OPTIMIZE(8,SPEED) BROWSE DEBUG OBJECTEXTEND PRINT(.\List
                    -ings\Checksum byte.lst) TABS(2) OBJECT(.\Objects\Checksum byte.obj)

line level    source

   1          #include <reg51.h>
   2          
   3          void main (void)
   4          {
   5   1        unsigned char mydata[]={0x25,0x62,0x3F,0x52};
   6   1        unsigned char sum =0;
   7   1        unsigned char x;
   8   1        unsigned char chksumbyte;
   9   1        for (x=0;x<4;x++)
  10   1        {
  11   2          P2=mydata[x];
  12   2          sum=sum+P2;
  13   2          P1=sum;
  14   2        }
  15   1        chksumbyte=~sum+1;
  16   1        P1=chksumbyte;
  17   1      }


MODULE INFORMATION:   STATIC OVERLAYABLE
   CODE SIZE        =     54    ----
   CONSTANT SIZE    =      4    ----
   XDATA SIZE       =   ----    ----
   PDATA SIZE       =   ----    ----
   DATA SIZE        =   ----       4
   IDATA SIZE       =   ----    ----
   BIT SIZE         =   ----    ----
END OF MODULE INFORMATION.


C51 COMPILATION COMPLETE.  0 WARNING(S),  0 ERROR(S)
