C51 COMPILER V9.60.0.0   CHECKSUM2                                                         09/02/2022 16:29:43 PAGE 1   


C51 COMPILER V9.60.0.0, COMPILATION OF MODULE CHECKSUM2
OBJECT MODULE PLACED IN .\Objects\checksum2.obj
COMPILER INVOKED BY: C:\Keil_v5\C51\BIN\C51.EXE checksum2.c OPTIMIZE(8,SPEED) BROWSE DEBUG OBJECTEXTEND PRINT(.\Listings
                    -\checksum2.lst) TABS(2) OBJECT(.\Objects\checksum2.obj)

line level    source

   1          #include <reg51.h>
   2          
   3          void main (void)
   4          {
   5   1        unsigned char mydata[]={0x25,0x62,0x3F,0x52,0xE8};
   6   1        unsigned char chksum=0;
   7   1        unsigned char x;
   8   1        for (x=0;x<5;x++)
   9   1          {
  10   2            chksum=chksum+mydata[x];
  11   2          }
  12   1        if (chksum ==0)
  13   1          P0='G';
  14   1        else 
  15   1          P0='B';
  16   1      }


MODULE INFORMATION:   STATIC OVERLAYABLE
   CODE SIZE        =     53    ----
   CONSTANT SIZE    =      5    ----
   XDATA SIZE       =   ----    ----
   PDATA SIZE       =   ----    ----
   DATA SIZE        =   ----       5
   IDATA SIZE       =   ----    ----
   BIT SIZE         =   ----    ----
END OF MODULE INFORMATION.


C51 COMPILATION COMPLETE.  0 WARNING(S),  0 ERROR(S)
