C51 COMPILER V9.60.0.0   CTIMER4                                                           09/03/2022 14:04:59 PAGE 1   


C51 COMPILER V9.60.0.0, COMPILATION OF MODULE CTIMER4
OBJECT MODULE PLACED IN .\Objects\ctimer4.obj
COMPILER INVOKED BY: C:\Keil_v5\C51\BIN\C51.EXE ctimer4.c OPTIMIZE(8,SPEED) BROWSE DEBUG OBJECTEXTEND PRINT(.\Listings\c
                    -timer4.lst) TABS(2) OBJECT(.\Objects\ctimer4.obj)

line level    source

   1          #include <reg51.h>
   2          
   3          sbit Timer1=P3^5;
   4          void main (void)
   5          {
   6   1        Timer1=1;
   7   1        TMOD=0x60;
   8   1        TH1=0;
   9   1        while (1)
  10   1        {
  11   2          do {
  12   3                TR1=1;
  13   3                P1=TL1;
  14   3              }
  15   2          while(TF1==0);
  16   2              TR1=0;
  17   2              TF1=0;
  18   2        }
  19   1      }


MODULE INFORMATION:   STATIC OVERLAYABLE
   CODE SIZE        =     22    ----
   CONSTANT SIZE    =   ----    ----
   XDATA SIZE       =   ----    ----
   PDATA SIZE       =   ----    ----
   DATA SIZE        =   ----    ----
   IDATA SIZE       =   ----    ----
   BIT SIZE         =   ----    ----
END OF MODULE INFORMATION.


C51 COMPILATION COMPLETE.  0 WARNING(S),  0 ERROR(S)
