C51 COMPILER V9.60.0.0   DOOR_SENOR                                                        09/02/2022 12:42:26 PAGE 1   


C51 COMPILER V9.60.0.0, COMPILATION OF MODULE DOOR_SENOR
OBJECT MODULE PLACED IN .\Objects\Door Senor.obj
COMPILER INVOKED BY: C:\Keil_v5\C51\BIN\C51.EXE Door Senor.c OPTIMIZE(8,SPEED) BROWSE DEBUG OBJECTEXTEND PRINT(.\Listing
                    -s\Door Senor.lst) TABS(2) OBJECT(.\Objects\Door Senor.obj)

line level    source

   1          #include <reg51.h>
   2          void MSdelay(unsigned int);
   3            sbit dsensor=P1^2;
   4            sbit buzzer=P1^7;
   5          
   6          void main (void)
   7          {
   8   1        dsensor =1;
   9   1        while (1)
  10   1        {
  11   2          while (dsensor==1);
  12   2          {
  13   3            buzzer=0;
  14   3            MSdelay(200);
  15   3            buzzer=1;
  16   3            MSdelay(200);
  17   3            }
  18   2        }
  19   1        
  20   1        
  21   1      }


MODULE INFORMATION:   STATIC OVERLAYABLE
   CODE SIZE        =     25    ----
   CONSTANT SIZE    =   ----    ----
   XDATA SIZE       =   ----    ----
   PDATA SIZE       =   ----    ----
   DATA SIZE        =   ----    ----
   IDATA SIZE       =   ----    ----
   BIT SIZE         =   ----    ----
END OF MODULE INFORMATION.


C51 COMPILATION COMPLETE.  0 WARNING(S),  0 ERROR(S)
