C51 COMPILER V9.60.0.0   SIMPLEUART1                                                       09/05/2022 05:55:59 PAGE 1   


C51 COMPILER V9.60.0.0, COMPILATION OF MODULE SIMPLEUART1
OBJECT MODULE PLACED IN .\Objects\simpleUART1.obj
COMPILER INVOKED BY: C:\Keil_v5\C51\BIN\C51.EXE simpleUART1.c OPTIMIZE(8,SPEED) BROWSE DEBUG OBJECTEXTEND PRINT(.\Listin
                    -gs\simpleUART1.lst) TABS(2) OBJECT(.\Objects\simpleUART1.obj)

line level    source

   1          #include <reg51.h>
   2          #define led P1^1
   3          
   4          const char c[]="enter 1 for ON ,n For OFF";
   5          
   6          void uart_send()
   7          { 
   8   1        int j=0;
   9   1        while (c[j] !='\0') 
  10   1        {
  11   2          SBUF=c[j];
  12   2          while(TI==0);
  13   2          TI=0;
  14   2          j++;  //j increase for TI reset
  15   2        }
  16   1      }
  17          
  18          unsigned char uart_receive()
  19          {
  20   1        while (RI==0);
  21   1        RI=0;
  22   1        return SBUF;
  23   1      }
  24          void uart_init()
  25          {                                     // 0  1   0   1   0   0   0   0
  26   1        SCON=0x50;  //serial mode 2 and 8 BIT SM0 SM1 SM2 REN TB8 RB8 TI RI
  27   1        TMOD=0x20;  //timer 1 ,mode 2
  28   1        TH1=0xFD; // bard rate 9600  ,255-Fosc/12/32*bard rate
  29   1        TR1=1;
  30   1      }
  31          void main()
  32          {
  33   1        unsigned char v;
  34   1        led=0;
*** ERROR C141 IN LINE 34 OF simpleUART1.c: syntax error near '=', expected ';'
  35   1        uart_init();
  36   1        uart_send();
  37   1        while(1)
  38   1        {
  39   2          v=uart_receive();
  40   2          if (v =='1')
  41   2            led=1;
*** ERROR C141 IN LINE 41 OF simpleUART1.c: syntax error near '=', expected ';'
  42   2          else if(v=='n')
*** ERROR C141 IN LINE 42 OF simpleUART1.c: syntax error near 'else', expected '__asm'
  43   2            led=0;
*** ERROR C141 IN LINE 43 OF simpleUART1.c: syntax error near '=', expected ';'
  44   2        }
  45   1        
  46   1      }

C51 COMPILATION COMPLETE.  0 WARNING(S),  4 ERROR(S)
