C51 COMPILER V9.60.0.0   SWITCH_ONOFF                                                      09/04/2022 18:53:08 PAGE 1   


C51 COMPILER V9.60.0.0, COMPILATION OF MODULE SWITCH_ONOFF
OBJECT MODULE PLACED IN .\Objects\switch_onoff.obj
COMPILER INVOKED BY: C:\Keil_v5\C51\BIN\C51.EXE switch_onoff.c OPTIMIZE(8,SPEED) BROWSE DEBUG OBJECTEXTEND PRINT(.\Listi
                    -ngs\switch_onoff.lst) TABS(2) OBJECT(.\Objects\switch_onoff.obj)

line level    source

   1          #include <reg51.h>
   2          
   3          void wait_a_second()
   4          {
   5   1        unsigned int x;
   6   1        for (x=0;x<25000;x++);
   7   1      }
   8          
   9          void main ()
  10          {
  11   1        int led;
  12   1        for(;;)
  13   1        { 
  14   2          led=rand();
*** WARNING C206 IN LINE 14 OF switch_onoff.c: 'rand': missing function-prototype
  15   2          P1=~led;
  16   2        
  17   2          wait_a_second();
  18   2        }
  19   1      }


MODULE INFORMATION:   STATIC OVERLAYABLE
   CODE SIZE        =     31    ----
   CONSTANT SIZE    =   ----    ----
   XDATA SIZE       =   ----    ----
   PDATA SIZE       =   ----    ----
   DATA SIZE        =   ----    ----
   IDATA SIZE       =   ----    ----
   BIT SIZE         =   ----    ----
END OF MODULE INFORMATION.


C51 COMPILATION COMPLETE.  1 WARNING(S),  0 ERROR(S)
