C51 COMPILER V9.60.0.0   UARTSERIAL_1                                                      09/05/2022 06:38:29 PAGE 1   


C51 COMPILER V9.60.0.0, COMPILATION OF MODULE UARTSERIAL_1
OBJECT MODULE PLACED IN .\Objects\uartserial_1.obj
COMPILER INVOKED BY: C:\Keil_v5\C51\BIN\C51.EXE uartserial_1.c OPTIMIZE(8,SPEED) BROWSE DEBUG OBJECTEXTEND PRINT(.\Listi
                    -ngs\uartserial_1.lst) TABS(2) OBJECT(.\Objects\uartserial_1.obj)

line level    source

   1          #include <reg51.h>
   2          void main (void)
   3          {
   4   1        TMOD=0x20;    //USE timer 1 ,mode 2
   5   1        TH1=0xFA;   //4800 BARD RATE OR CAN USE -6 DECIMAL
   6   1        SCON =0x50;//
   7   1        TR1=1;
   8   1        while(1)
   9   1        {
  10   2          SBUF='A';
  11   2          while(TI==0);
  12   2          TI=0;
  13   2        }
  14   1      }


MODULE INFORMATION:   STATIC OVERLAYABLE
   CODE SIZE        =     21    ----
   CONSTANT SIZE    =   ----    ----
   XDATA SIZE       =   ----    ----
   PDATA SIZE       =   ----    ----
   DATA SIZE        =   ----    ----
   IDATA SIZE       =   ----    ----
   BIT SIZE         =   ----    ----
END OF MODULE INFORMATION.


C51 COMPILATION COMPLETE.  0 WARNING(S),  0 ERROR(S)
