C51 COMPILER V9.60.0.0   UARTSERIAL_YES                                                    09/05/2022 06:59:03 PAGE 1   


C51 COMPILER V9.60.0.0, COMPILATION OF MODULE UARTSERIAL_YES
OBJECT MODULE PLACED IN .\Objects\uartserial_yes.obj
COMPILER INVOKED BY: C:\Keil_v5\C51\BIN\C51.EXE uartserial_yes.c OPTIMIZE(8,SPEED) BROWSE DEBUG OBJECTEXTEND PRINT(.\Lis
                    -tings\uartserial_yes.lst) TABS(2) OBJECT(.\Objects\uartserial_yes.obj)

line level    source

   1          //Write an 8051 in C program to transfer the message"yes" serially at 9600 baud , 8 bit data , 1 stop bit.
   2          //Do this cotinuously.
   3          
   4          #include <reg51.h>
   5          void ser_tx(unsigned char );
   6          
   7          void main (void)
   8          {
   9   1        TMOD=0x20;
  10   1        TH1=-3;
  11   1        SCON=0x50;
  12   1        TR1=1;
  13   1        while(1)
  14   1        {
  15   2          ser_tx('Y');
  16   2          ser_tx('E');
  17   2          ser_tx('S');
  18   2        }
  19   1      }
  20          
  21          void ser_tx(unsigned char x)
  22          {
  23   1        SBUF=x;
  24   1        while(TI==0);
  25   1        TI=0;
  26   1      }


MODULE INFORMATION:   STATIC OVERLAYABLE
   CODE SIZE        =     36    ----
   CONSTANT SIZE    =   ----    ----
   XDATA SIZE       =   ----    ----
   PDATA SIZE       =   ----    ----
   DATA SIZE        =   ----    ----
   IDATA SIZE       =   ----    ----
   BIT SIZE         =   ----    ----
END OF MODULE INFORMATION.


C51 COMPILATION COMPLETE.  0 WARNING(S),  0 ERROR(S)
