C51 COMPILER V9.60.0.0   UARTSERIAL_REC                                                    09/05/2022 07:16:56 PAGE 1   


C51 COMPILER V9.60.0.0, COMPILATION OF MODULE UARTSERIAL_REC
OBJECT MODULE PLACED IN .\Objects\uartserial_rec.obj
COMPILER INVOKED BY: C:\Keil_v5\C51\BIN\C51.EXE uartserial_rec.c OPTIMIZE(8,SPEED) BROWSE DEBUG OBJECTEXTEND PRINT(.\Lis
                    -tings\uartserial_rec.lst) TABS(2) OBJECT(.\Objects\uartserial_rec.obj)

line level    source

   1          #include <reg51.h>
   2          
   3          void main (void)
   4          {
   5   1        unsigned char mybyte;
   6   1        TMOD=0x20;
   7   1        TH1=-6;
   8   1        SCON=0x50;
   9   1        TR1=1;
  10   1        while(1)
  11   1        {
  12   2          while(RI==0);
  13   2          mybyte=SBUF;
  14   2          P1=mybyte;
  15   2          RI=0;
  16   2        }
  17   1      }


MODULE INFORMATION:   STATIC OVERLAYABLE
   CODE SIZE        =     22    ----
   CONSTANT SIZE    =   ----    ----
   XDATA SIZE       =   ----    ----
   PDATA SIZE       =   ----    ----
   DATA SIZE        =   ----    ----
   IDATA SIZE       =   ----    ----
   BIT SIZE         =   ----    ----
END OF MODULE INFORMATION.


C51 COMPILATION COMPLETE.  0 WARNING(S),  0 ERROR(S)
